{"/Users/mark/Desktop/10x DEVS KURS/10x0-cards-2/src/components/FlashcardsToolbar.tsx": {"path":"/Users/mark/Desktop/10x DEVS KURS/10x0-cards-2/src/components/FlashcardsToolbar.tsx","all":false,"statementMap":{"0":{"start":{"line":1,"column":0},"end":{"line":1,"column":26}},"17":{"start":{"line":18,"column":0},"end":{"line":18,"column":35}},"18":{"start":{"line":19,"column":0},"end":{"line":19,"column":10}},"19":{"start":{"line":20,"column":0},"end":{"line":20,"column":18}},"20":{"start":{"line":21,"column":0},"end":{"line":21,"column":8}},"21":{"start":{"line":22,"column":0},"end":{"line":22,"column":15}},"22":{"start":{"line":23,"column":0},"end":{"line":23,"column":8}},"23":{"start":{"line":24,"column":0},"end":{"line":24,"column":15}},"24":{"start":{"line":25,"column":0},"end":{"line":25,"column":28}},"25":{"start":{"line":26,"column":0},"end":{"line":26,"column":49}},"26":{"start":{"line":27,"column":0},"end":{"line":27,"column":77}},"27":{"start":{"line":28,"column":0},"end":{"line":28,"column":4}},"29":{"start":{"line":30,"column":0},"end":{"line":30,"column":51}},"30":{"start":{"line":31,"column":0},"end":{"line":31,"column":92}},"31":{"start":{"line":32,"column":0},"end":{"line":32,"column":4}},"33":{"start":{"line":34,"column":0},"end":{"line":34,"column":34}},"34":{"start":{"line":35,"column":0},"end":{"line":35,"column":25}},"35":{"start":{"line":36,"column":0},"end":{"line":36,"column":35}},"36":{"start":{"line":37,"column":0},"end":{"line":37,"column":5}},"37":{"start":{"line":38,"column":0},"end":{"line":38,"column":4}},"40":{"start":{"line":41,"column":0},"end":{"line":41,"column":95}},"42":{"start":{"line":43,"column":0},"end":{"line":43,"column":10}},"43":{"start":{"line":44,"column":0},"end":{"line":44,"column":61}},"44":{"start":{"line":45,"column":0},"end":{"line":45,"column":47}},"45":{"start":{"line":46,"column":0},"end":{"line":46,"column":19}},"46":{"start":{"line":47,"column":0},"end":{"line":47,"column":32}},"47":{"start":{"line":48,"column":0},"end":{"line":48,"column":42}},"48":{"start":{"line":49,"column":0},"end":{"line":49,"column":37}},"49":{"start":{"line":50,"column":0},"end":{"line":50,"column":23}},"50":{"start":{"line":51,"column":0},"end":{"line":51,"column":37}},"51":{"start":{"line":52,"column":0},"end":{"line":52,"column":10}},"52":{"start":{"line":53,"column":0},"end":{"line":53,"column":111}},"53":{"start":{"line":54,"column":0},"end":{"line":54,"column":12}},"55":{"start":{"line":56,"column":0},"end":{"line":56,"column":47}},"56":{"start":{"line":57,"column":0},"end":{"line":57,"column":43}},"57":{"start":{"line":58,"column":0},"end":{"line":58,"column":17}},"58":{"start":{"line":59,"column":0},"end":{"line":59,"column":33}},"59":{"start":{"line":60,"column":0},"end":{"line":60,"column":21}},"60":{"start":{"line":61,"column":0},"end":{"line":61,"column":38}},"61":{"start":{"line":62,"column":0},"end":{"line":62,"column":35}},"62":{"start":{"line":63,"column":0},"end":{"line":63,"column":47}},"63":{"start":{"line":64,"column":0},"end":{"line":64,"column":54}},"65":{"start":{"line":66,"column":0},"end":{"line":66,"column":42}},"67":{"start":{"line":68,"column":0},"end":{"line":68,"column":19}},"70":{"start":{"line":71,"column":0},"end":{"line":71,"column":15}},"71":{"start":{"line":72,"column":0},"end":{"line":72,"column":26}},"72":{"start":{"line":73,"column":0},"end":{"line":73,"column":17}},"73":{"start":{"line":74,"column":0},"end":{"line":74,"column":22}},"74":{"start":{"line":75,"column":0},"end":{"line":75,"column":29}},"75":{"start":{"line":76,"column":0},"end":{"line":76,"column":48}},"76":{"start":{"line":77,"column":0},"end":{"line":77,"column":13}},"77":{"start":{"line":78,"column":0},"end":{"line":78,"column":12}},"78":{"start":{"line":79,"column":0},"end":{"line":79,"column":25}},"79":{"start":{"line":80,"column":0},"end":{"line":80,"column":45}},"81":{"start":{"line":82,"column":0},"end":{"line":82,"column":38}},"83":{"start":{"line":84,"column":0},"end":{"line":84,"column":17}},"84":{"start":{"line":85,"column":0},"end":{"line":85,"column":12}},"85":{"start":{"line":86,"column":0},"end":{"line":86,"column":10}},"87":{"start":{"line":88,"column":0},"end":{"line":88,"column":1}}},"s":{"0":1,"17":1,"18":8,"19":8,"20":8,"21":8,"22":8,"23":8,"24":8,"25":8,"26":0,"27":0,"29":8,"30":0,"31":0,"33":8,"34":1,"35":1,"36":1,"37":1,"40":8,"42":8,"43":8,"44":8,"45":8,"46":8,"47":8,"48":8,"49":8,"50":8,"51":8,"52":8,"53":8,"55":8,"56":8,"57":3,"58":3,"59":3,"60":3,"61":3,"62":3,"63":3,"65":3,"67":3,"70":8,"71":8,"72":1,"73":1,"74":1,"75":0,"76":0,"77":1,"78":8,"79":8,"81":8,"83":8,"84":8,"85":8,"87":8},"branchMap":{"0":{"type":"branch","line":18,"loc":{"start":{"line":18,"column":7},"end":{"line":88,"column":1}},"locations":[{"start":{"line":18,"column":7},"end":{"line":88,"column":1}}]},"1":{"type":"branch","line":41,"loc":{"start":{"line":41,"column":30},"end":{"line":41,"column":90}},"locations":[{"start":{"line":41,"column":30},"end":{"line":41,"column":90}}]},"2":{"type":"branch","line":41,"loc":{"start":{"line":41,"column":86},"end":{"line":41,"column":95}},"locations":[{"start":{"line":41,"column":86},"end":{"line":41,"column":95}}]},"3":{"type":"branch","line":57,"loc":{"start":{"line":57,"column":17},"end":{"line":57,"column":43}},"locations":[{"start":{"line":57,"column":17},"end":{"line":57,"column":43}}]},"4":{"type":"branch","line":57,"loc":{"start":{"line":57,"column":27},"end":{"line":68,"column":19}},"locations":[{"start":{"line":57,"column":27},"end":{"line":68,"column":19}}]},"5":{"type":"branch","line":34,"loc":{"start":{"line":34,"column":27},"end":{"line":38,"column":4}},"locations":[{"start":{"line":34,"column":27},"end":{"line":38,"column":4}}]},"6":{"type":"branch","line":41,"loc":{"start":{"line":41,"column":50},"end":{"line":41,"column":86}},"locations":[{"start":{"line":41,"column":50},"end":{"line":41,"column":86}}]},"7":{"type":"branch","line":72,"loc":{"start":{"line":72,"column":19},"end":{"line":78,"column":12}},"locations":[{"start":{"line":72,"column":19},"end":{"line":78,"column":12}}]},"8":{"type":"branch","line":75,"loc":{"start":{"line":75,"column":12},"end":{"line":77,"column":13}},"locations":[{"start":{"line":75,"column":12},"end":{"line":77,"column":13}}]}},"b":{"0":[8],"1":[3],"2":[5],"3":[3],"4":[3],"5":[1],"6":[3],"7":[1],"8":[0]},"fnMap":{"0":{"name":"FlashcardsToolbar","decl":{"start":{"line":18,"column":7},"end":{"line":88,"column":1}},"loc":{"start":{"line":18,"column":7},"end":{"line":88,"column":1}},"line":18},"1":{"name":"handleDeckChange","decl":{"start":{"line":26,"column":27},"end":{"line":28,"column":4}},"loc":{"start":{"line":26,"column":27},"end":{"line":28,"column":4}},"line":26},"2":{"name":"handleStatusChange","decl":{"start":{"line":30,"column":29},"end":{"line":32,"column":4}},"loc":{"start":{"line":30,"column":29},"end":{"line":32,"column":4}},"line":30},"3":{"name":"handleDeleteDeck","decl":{"start":{"line":34,"column":27},"end":{"line":38,"column":4}},"loc":{"start":{"line":34,"column":27},"end":{"line":38,"column":4}},"line":34},"4":{"name":"onClick","decl":{"start":{"line":72,"column":19},"end":{"line":78,"column":12}},"loc":{"start":{"line":72,"column":19},"end":{"line":78,"column":12}},"line":72}},"f":{"0":8,"1":0,"2":0,"3":1,"4":1}}
,"/Users/mark/Desktop/10x DEVS KURS/10x0-cards-2/src/components/ui/UserMenu.tsx": {"path":"/Users/mark/Desktop/10x DEVS KURS/10x0-cards-2/src/components/ui/UserMenu.tsx","all":false,"statementMap":{"0":{"start":{"line":1,"column":0},"end":{"line":1,"column":34}},"7":{"start":{"line":8,"column":0},"end":{"line":8,"column":60}},"8":{"start":{"line":9,"column":0},"end":{"line":9,"column":36}},"9":{"start":{"line":10,"column":0},"end":{"line":10,"column":9}},"10":{"start":{"line":11,"column":0},"end":{"line":11,"column":56}},"11":{"start":{"line":12,"column":0},"end":{"line":12,"column":23}},"12":{"start":{"line":13,"column":0},"end":{"line":13,"column":9}},"14":{"start":{"line":15,"column":0},"end":{"line":15,"column":25}},"15":{"start":{"line":16,"column":0},"end":{"line":16,"column":44}},"16":{"start":{"line":17,"column":0},"end":{"line":17,"column":7}},"19":{"start":{"line":20,"column":0},"end":{"line":20,"column":38}},"20":{"start":{"line":21,"column":0},"end":{"line":21,"column":30}},"21":{"start":{"line":22,"column":0},"end":{"line":22,"column":44}},"22":{"start":{"line":23,"column":0},"end":{"line":23,"column":84}},"23":{"start":{"line":24,"column":0},"end":{"line":24,"column":5}},"24":{"start":{"line":25,"column":0},"end":{"line":25,"column":4}},"26":{"start":{"line":27,"column":0},"end":{"line":27,"column":10}},"27":{"start":{"line":28,"column":0},"end":{"line":28,"column":50}},"28":{"start":{"line":29,"column":0},"end":{"line":29,"column":81}},"30":{"start":{"line":31,"column":0},"end":{"line":31,"column":10}},"31":{"start":{"line":32,"column":0},"end":{"line":32,"column":82}},"33":{"start":{"line":34,"column":0},"end":{"line":34,"column":10}},"35":{"start":{"line":36,"column":0},"end":{"line":36,"column":55}},"36":{"start":{"line":37,"column":0},"end":{"line":37,"column":81}},"37":{"start":{"line":38,"column":0},"end":{"line":38,"column":57}},"39":{"start":{"line":40,"column":0},"end":{"line":40,"column":17}},"40":{"start":{"line":41,"column":0},"end":{"line":41,"column":12}},"41":{"start":{"line":42,"column":0},"end":{"line":42,"column":10}},"43":{"start":{"line":44,"column":0},"end":{"line":44,"column":1}}},"s":{"0":1,"7":4,"8":4,"9":1,"10":1,"11":1,"12":1,"14":1,"15":0,"16":0,"19":1,"20":1,"21":0,"22":0,"23":0,"24":1,"26":4,"27":4,"28":4,"30":4,"31":4,"33":4,"35":4,"36":4,"37":4,"39":4,"40":4,"41":4,"43":4},"branchMap":{"0":{"type":"branch","line":8,"loc":{"start":{"line":8,"column":0},"end":{"line":44,"column":1}},"locations":[{"start":{"line":8,"column":0},"end":{"line":44,"column":1}}]},"1":{"type":"branch","line":9,"loc":{"start":{"line":9,"column":23},"end":{"line":25,"column":4}},"locations":[{"start":{"line":9,"column":23},"end":{"line":25,"column":4}}]},"2":{"type":"branch","line":15,"loc":{"start":{"line":15,"column":24},"end":{"line":17,"column":7}},"locations":[{"start":{"line":15,"column":24},"end":{"line":17,"column":7}}]},"3":{"type":"branch","line":21,"loc":{"start":{"line":21,"column":4},"end":{"line":24,"column":5}},"locations":[{"start":{"line":21,"column":4},"end":{"line":24,"column":5}}]}},"b":{"0":[4],"1":[1],"2":[0],"3":[0]},"fnMap":{"0":{"name":"UserMenu","decl":{"start":{"line":8,"column":0},"end":{"line":44,"column":1}},"loc":{"start":{"line":8,"column":0},"end":{"line":44,"column":1}},"line":8},"1":{"name":"handleLogout","decl":{"start":{"line":9,"column":23},"end":{"line":25,"column":4}},"loc":{"start":{"line":9,"column":23},"end":{"line":25,"column":4}},"line":9}},"f":{"0":4,"1":1}}
}
